<?xml version="1.0" encoding="UTF-8"?>
<!-- Generated by org.testng.reporters.JUnitReportReporter -->
<testsuite skipped="0" hostname="MacBook-Pro-3.local" name="starter.TestNGRunner" tests="3" failures="0" timestamp="2020-07-29T18:43:44 BST" time="87.096" errors="0">
  <testcase name="runScenario" time="24.679" classname="starter.TestNGRunner"/>
  <system-out/>
  <testcase name="runScenario" time="25.604" classname="starter.TestNGRunner"/>
  <system-out/>
  <testcase name="runScenario" time="36.813" classname="starter.TestNGRunner"/>
  <system-out/>
</testsuite> <!-- starter.TestNGRunner -->
